[debug] [2024-09-27T06:09:00.000Z] ----------------------------------------------------------------------
[debug] [2024-09-27T06:09:00.021Z] Command:       C:\Program Files\nodejs\node.exe C:\Users\Tesfahun Sahilu\AppData\Roaming\npm\node_modules\firebase-tools\lib\bin\firebase.js emulators:start --only functions
[debug] [2024-09-27T06:09:00.023Z] CLI Version:   13.19.0
[debug] [2024-09-27T06:09:00.024Z] Platform:      win32
[debug] [2024-09-27T06:09:00.024Z] Node Version:  v22.9.0
[debug] [2024-09-27T06:09:00.026Z] Time:          Fri Sep 27 2024 09:09:00 GMT+0300 (GMT+03:00)
[debug] [2024-09-27T06:09:00.027Z] ----------------------------------------------------------------------
[debug] 
[debug] [2024-09-27T06:09:00.676Z] > command requires scopes: ["email","openid","https://www.googleapis.com/auth/cloudplatformprojects.readonly","https://www.googleapis.com/auth/firebase","https://www.googleapis.com/auth/cloud-platform"]
[debug] [2024-09-27T06:09:00.678Z] > authorizing via signed-in user (beamlakt24@gmail.com)
[info] i  emulators: Starting emulators: functions {"metadata":{"emulator":{"name":"hub"},"message":"Starting emulators: functions"}}
[debug] [2024-09-27T06:09:00.744Z] [logging] Logging Emulator only supports listening on one address (127.0.0.1). Not listening on ::1
[debug] [2024-09-27T06:09:00.746Z] assigned listening specs for emulators {"user":{"hub":[{"address":"127.0.0.1","family":"IPv4","port":4400},{"address":"::1","family":"IPv6","port":4400}],"ui":[{"address":"127.0.0.1","family":"IPv4","port":4000},{"address":"::1","family":"IPv6","port":4000}],"logging":[{"address":"127.0.0.1","family":"IPv4","port":4500}]},"metadata":{"message":"assigned listening specs for emulators"}}
[debug] [2024-09-27T06:09:00.775Z] [hub] writing locator at C:\Users\TESFAH~1\AppData\Local\Temp\hub-fir-85876.json
[debug] [2024-09-27T06:09:00.869Z] [functions] Functions Emulator only supports listening on one address (127.0.0.1). Not listening on ::1
[debug] [2024-09-27T06:09:00.870Z] [eventarc] Eventarc Emulator only supports listening on one address (127.0.0.1). Not listening on ::1
[debug] [2024-09-27T06:09:00.871Z] [tasks] Cloud Tasks Emulator only supports listening on one address (127.0.0.1). Not listening on ::1
[debug] [2024-09-27T06:09:00.871Z] late-assigned ports for functions and eventarc emulators {"user":{"hub":[{"address":"127.0.0.1","family":"IPv4","port":4400},{"address":"::1","family":"IPv6","port":4400}],"ui":[{"address":"127.0.0.1","family":"IPv4","port":4000},{"address":"::1","family":"IPv6","port":4000}],"logging":[{"address":"127.0.0.1","family":"IPv4","port":4500}],"functions":[{"address":"127.0.0.1","family":"IPv4","port":5001}],"eventarc":[{"address":"127.0.0.1","family":"IPv4","port":9299}],"tasks":[{"address":"127.0.0.1","family":"IPv4","port":9499}]},"metadata":{"message":"late-assigned ports for functions and eventarc emulators"}}
[warn] !  functions: The following emulators are not running, calls to these services from the Functions emulator will affect production: auth, firestore, database, hosting, pubsub, storage, dataconnect {"metadata":{"emulator":{"name":"functions"},"message":"The following emulators are not running, calls to these services from the Functions emulator will affect production: \u001b[1mauth, firestore, database, hosting, pubsub, storage, dataconnect\u001b[22m"}}
[debug] [2024-09-27T06:09:00.895Z] defaultcredentials: writing to file C:\Users\Tesfahun Sahilu\AppData\Roaming\firebase\beamlakt24_gmail_com_application_default_credentials.json
[debug] [2024-09-27T06:09:00.918Z] Setting GAC to C:\Users\Tesfahun Sahilu\AppData\Roaming\firebase\beamlakt24_gmail_com_application_default_credentials.json {"metadata":{"emulator":{"name":"functions"},"message":"Setting GAC to C:\\Users\\Tesfahun Sahilu\\AppData\\Roaming\\firebase\\beamlakt24_gmail_com_application_default_credentials.json"}}
[debug] [2024-09-27T06:09:00.931Z] >>> [apiv2][query] GET https://firebase.googleapis.com/v1beta1/projects/fir-85876/adminSdkConfig [none]
[debug] [2024-09-27T06:09:01.932Z] <<< [apiv2][status] GET https://firebase.googleapis.com/v1beta1/projects/fir-85876/adminSdkConfig 200
[debug] [2024-09-27T06:09:01.933Z] <<< [apiv2][body] GET https://firebase.googleapis.com/v1beta1/projects/fir-85876/adminSdkConfig {"projectId":"fir-85876","storageBucket":"fir-85876.appspot.com"}
[debug] [2024-09-27T06:09:02.134Z] Ignoring unsupported arg: auto_download {"metadata":{"emulator":{"name":"ui"},"message":"Ignoring unsupported arg: auto_download"}}
[debug] [2024-09-27T06:09:02.135Z] Ignoring unsupported arg: port {"metadata":{"emulator":{"name":"ui"},"message":"Ignoring unsupported arg: port"}}
[debug] [2024-09-27T06:09:02.136Z] Starting Emulator UI with command {"binary":"node","args":["C:\\Users\\Tesfahun Sahilu\\.cache\\firebase\\emulators\\ui-v1.13.0\\server\\server.mjs"],"optionalArgs":[],"joinArgs":false,"shell":false} {"metadata":{"emulator":{"name":"ui"},"message":"Starting Emulator UI with command {\"binary\":\"node\",\"args\":[\"C:\\\\Users\\\\Tesfahun Sahilu\\\\.cache\\\\firebase\\\\emulators\\\\ui-v1.13.0\\\\server\\\\server.mjs\"],\"optionalArgs\":[],\"joinArgs\":false,\"shell\":false}"}}
[info] i  ui: Emulator UI logging to ui-debug.log {"metadata":{"emulator":{"name":"ui"},"message":"Emulator UI logging to \u001b[1mui-debug.log\u001b[22m"}}
[debug] [2024-09-27T06:09:03.273Z] Web / API server started at 127.0.0.1:4000
 {"metadata":{"emulator":{"name":"ui"},"message":"Web / API server started at 127.0.0.1:4000\n"}}
[debug] [2024-09-27T06:09:03.275Z] Web / API server started at ::1:4000
 {"metadata":{"emulator":{"name":"ui"},"message":"Web / API server started at ::1:4000\n"}}
[info] i  functions: Watching "C:\Users\Tesfahun Sahilu\Desktop\Evangadi\Phase-4\Amazon\functions" for Cloud Functions... {"metadata":{"emulator":{"name":"functions"},"message":"Watching \"C:\\Users\\Tesfahun Sahilu\\Desktop\\Evangadi\\Phase-4\\Amazon\\functions\" for Cloud Functions..."}}
[debug] [2024-09-27T06:09:03.373Z] Validating nodejs source
[warn] !  functions: package.json indicates an outdated version of firebase-functions. Please upgrade using npm install --save firebase-functions@latest in your functions directory. 
[warn] !  functions: Please note that there will be breaking changes when you upgrade. 
[debug] [2024-09-27T06:09:07.578Z] > [functions] package.json contents: {
  "name": "functions",
  "description": "Cloud Functions for Firebase",
  "scripts": {
    "serve": "firebase emulators:start --only functions",
    "shell": "firebase functions:shell",
    "start": "npm run shell",
    "deploy": "firebase deploy --only functions",
    "logs": "firebase functions:log"
  },
  "engines": {
    "node": "22"
  },
  "main": "index.js",
  "dependencies": {
    "cors": "^2.8.5",
    "dotenv": "^16.4.5",
    "express": "^4.21.0",
    "firebase-admin": "^12.1.0",
    "firebase-functions": "^5.0.0",
    "stripe": "^16.12.0"
  },
  "devDependencies": {
    "firebase-functions-test": "^3.1.0"
  },
  "private": true
}
[debug] [2024-09-27T06:09:07.580Z] Building nodejs source
[debug] [2024-09-27T06:09:07.581Z] Failed to find version of module node: reached end of search path C:\Users\Tesfahun Sahilu\Desktop\Evangadi\Phase-4\Amazon\functions\node_modules
[info] +  functions: Using node@22 from host. 
[info] i  functions: Loaded environment variables from .env. 
[debug] [2024-09-27T06:09:07.627Z] Could not find functions.yaml. Must use http discovery
[debug] [2024-09-27T06:09:07.676Z] Found firebase-functions binary at 'C:\Users\Tesfahun Sahilu\Desktop\Evangadi\Phase-4\Amazon\functions\node_modules\.bin\firebase-functions'
[info] Serving at port 8551

[debug] [2024-09-27T06:09:17.084Z] Got response from /__/functions.yaml {"endpoints":{"api":{"availableMemoryMb":null,"timeoutSeconds":null,"minInstances":null,"maxInstances":null,"ingressSettings":null,"concurrency":null,"serviceAccountEmail":null,"vpc":null,"platform":"gcfv2","labels":{},"httpsTrigger":{},"entryPoint":"api"}},"specVersion":"v1alpha1","requiredAPIs":[],"extensions":{}}
[info] +  functions: Loaded functions definitions from source: api. {"metadata":{"emulator":{"name":"functions"},"message":"Loaded functions definitions from source: api."}}
[info] +  functions[us-central1-api]: http function initialized (http://127.0.0.1:5001/fir-85876/us-central1/api). {"metadata":{"emulator":{"name":"functions"},"message":"\u001b[1mhttp\u001b[22m function initialized (http://127.0.0.1:5001/fir-85876/us-central1/api)."}}
[info] 
┌─────────────────────────────────────────────────────────────┐
│ ✔  All emulators ready! It is now safe to connect your app. │
│ i  View Emulator UI at http://127.0.0.1:4000/               │
└─────────────────────────────────────────────────────────────┘

┌───────────┬────────────────┬─────────────────────────────────┐
│ Emulator  │ Host:Port      │ View in Emulator UI             │
├───────────┼────────────────┼─────────────────────────────────┤
│ Functions │ 127.0.0.1:5001 │ http://127.0.0.1:4000/functions │
└───────────┴────────────────┴─────────────────────────────────┘
  Emulator Hub running at 127.0.0.1:4400
  Other reserved ports: 4500

Issues? Report them at https://github.com/firebase/firebase-tools/issues and attach the *-debug.log files.
 
[debug] [2024-09-27T06:09:38.268Z] [work-queue] {"queuedWork":["/fir-85876/us-central1/api-2024-09-27T06:09:38.267Z"],"queueLength":1,"runningWork":[],"workRunningCount":0}
[debug] [2024-09-27T06:09:38.271Z] [work-queue] {"queuedWork":[],"queueLength":0,"runningWork":["/fir-85876/us-central1/api-2024-09-27T06:09:38.267Z"],"workRunningCount":1}
[debug] [2024-09-27T06:09:38.274Z] Accepted request GET /fir-85876/us-central1/api --> us-central1-api
[debug] [2024-09-27T06:09:38.299Z] [functions] Runtime ready! Sending request! {"metadata":{"emulator":{"name":"functions"},"message":"[functions] Runtime ready! Sending request!"}}
[debug] [2024-09-27T06:09:38.302Z] [functions] Got req.url=/fir-85876/us-central1/api, mapping to path=/ {"metadata":{"emulator":{"name":"functions"},"message":"[functions] Got req.url=/fir-85876/us-central1/api, mapping to path=/"}}
[info] i  functions: Loaded environment variables from .env. 
[debug] [2024-09-27T06:09:38.409Z] [worker-pool] addWorker(us-central1-api) {"metadata":{"emulator":{"name":"functions"},"message":"[worker-pool] addWorker(us-central1-api)"}}
[debug] [2024-09-27T06:09:38.416Z] [worker-pool] Adding worker with key us-central1-api, total=1 {"metadata":{"emulator":{"name":"functions"},"message":"[worker-pool] Adding worker with key us-central1-api, total=1"}}
[info] >  (node:9508) [DEP0040] DeprecationWarning: The `punycode` module is deprecated. Please use a userland alternative instead. {"user":"(node:9508) [DEP0040] DeprecationWarning: The `punycode` module is deprecated. Please use a userland alternative instead.","metadata":{"emulator":{"name":"functions"},"function":{"name":"us-central1-api"},"extension":{},"message":"\u001b[90m> \u001b[39m (node:9508) [DEP0040] DeprecationWarning: The `punycode` module is deprecated. Please use a userland alternative instead."}}
[info] >  (Use `node --trace-deprecation ...` to show where the warning was created) {"user":"(Use `node --trace-deprecation ...` to show where the warning was created)","metadata":{"emulator":{"name":"functions"},"function":{"name":"us-central1-api"},"extension":{},"message":"\u001b[90m> \u001b[39m (Use `node --trace-deprecation ...` to show where the warning was created)"}}
[debug] [2024-09-27T06:09:51.582Z] [runtime-status] [9508] Resolved module firebase-admin {"declared":true,"installed":true,"version":"12.5.0","resolution":"C:\\Users\\Tesfahun Sahilu\\Desktop\\Evangadi\\Phase-4\\Amazon\\functions\\node_modules\\firebase-admin\\lib\\index.js"} {"metadata":{"emulator":{"name":"functions"},"function":{"name":"us-central1-api"},"extension":{},"message":"[runtime-status] [9508] Resolved module firebase-admin {\"declared\":true,\"installed\":true,\"version\":\"12.5.0\",\"resolution\":\"C:\\\\Users\\\\Tesfahun Sahilu\\\\Desktop\\\\Evangadi\\\\Phase-4\\\\Amazon\\\\functions\\\\node_modules\\\\firebase-admin\\\\lib\\\\index.js\"}"}}
[debug] [2024-09-27T06:09:51.604Z] [runtime-status] [9508] Resolved module firebase-functions {"declared":true,"installed":true,"version":"5.1.1","resolution":"C:\\Users\\Tesfahun Sahilu\\Desktop\\Evangadi\\Phase-4\\Amazon\\functions\\node_modules\\firebase-functions\\lib\\v1\\index.js"} {"metadata":{"emulator":{"name":"functions"},"function":{"name":"us-central1-api"},"extension":{},"message":"[runtime-status] [9508] Resolved module firebase-functions {\"declared\":true,\"installed\":true,\"version\":\"5.1.1\",\"resolution\":\"C:\\\\Users\\\\Tesfahun Sahilu\\\\Desktop\\\\Evangadi\\\\Phase-4\\\\Amazon\\\\functions\\\\node_modules\\\\firebase-functions\\\\lib\\\\v1\\\\index.js\"}"}}
[debug] [2024-09-27T06:09:51.605Z] [runtime-status] [9508] Outgoing network have been stubbed. [{"name":"http","status":"mocked"},{"name":"http","status":"mocked"},{"name":"https","status":"mocked"},{"name":"https","status":"mocked"},{"name":"net","status":"mocked"}] {"metadata":{"emulator":{"name":"functions"},"function":{"name":"us-central1-api"},"extension":{},"message":"[runtime-status] [9508] Outgoing network have been stubbed. [{\"name\":\"http\",\"status\":\"mocked\"},{\"name\":\"http\",\"status\":\"mocked\"},{\"name\":\"https\",\"status\":\"mocked\"},{\"name\":\"https\",\"status\":\"mocked\"},{\"name\":\"net\",\"status\":\"mocked\"}]"}}
[debug] [2024-09-27T06:09:51.609Z] [runtime-status] [9508] Resolved module firebase-functions {"declared":true,"installed":true,"version":"5.1.1","resolution":"C:\\Users\\Tesfahun Sahilu\\Desktop\\Evangadi\\Phase-4\\Amazon\\functions\\node_modules\\firebase-functions\\lib\\v1\\index.js"} {"metadata":{"emulator":{"name":"functions"},"function":{"name":"us-central1-api"},"extension":{},"message":"[runtime-status] [9508] Resolved module firebase-functions {\"declared\":true,\"installed\":true,\"version\":\"5.1.1\",\"resolution\":\"C:\\\\Users\\\\Tesfahun Sahilu\\\\Desktop\\\\Evangadi\\\\Phase-4\\\\Amazon\\\\functions\\\\node_modules\\\\firebase-functions\\\\lib\\\\v1\\\\index.js\"}"}}
[debug] [2024-09-27T06:10:06.890Z] [runtime-status] [9508] Checked functions.config() {"config":{}} {"metadata":{"emulator":{"name":"functions"},"function":{"name":"us-central1-api"},"extension":{},"message":"[runtime-status] [9508] Checked functions.config() {\"config\":{}}"}}
[debug] [2024-09-27T06:10:06.891Z] [runtime-status] [9508] firebase-functions has been stubbed. {"functionsResolution":{"declared":true,"installed":true,"version":"5.1.1","resolution":"C:\\Users\\Tesfahun Sahilu\\Desktop\\Evangadi\\Phase-4\\Amazon\\functions\\node_modules\\firebase-functions\\lib\\v1\\index.js"}} {"metadata":{"emulator":{"name":"functions"},"function":{"name":"us-central1-api"},"extension":{},"message":"[runtime-status] [9508] firebase-functions has been stubbed. {\"functionsResolution\":{\"declared\":true,\"installed\":true,\"version\":\"5.1.1\",\"resolution\":\"C:\\\\Users\\\\Tesfahun Sahilu\\\\Desktop\\\\Evangadi\\\\Phase-4\\\\Amazon\\\\functions\\\\node_modules\\\\firebase-functions\\\\lib\\\\v1\\\\index.js\"}}"}}
[debug] [2024-09-27T06:10:06.895Z] [runtime-status] [9508] Resolved module firebase-functions {"declared":true,"installed":true,"version":"5.1.1","resolution":"C:\\Users\\Tesfahun Sahilu\\Desktop\\Evangadi\\Phase-4\\Amazon\\functions\\node_modules\\firebase-functions\\lib\\v1\\index.js"} {"metadata":{"emulator":{"name":"functions"},"function":{"name":"us-central1-api"},"extension":{},"message":"[runtime-status] [9508] Resolved module firebase-functions {\"declared\":true,\"installed\":true,\"version\":\"5.1.1\",\"resolution\":\"C:\\\\Users\\\\Tesfahun Sahilu\\\\Desktop\\\\Evangadi\\\\Phase-4\\\\Amazon\\\\functions\\\\node_modules\\\\firebase-functions\\\\lib\\\\v1\\\\index.js\"}"}}
[debug] [2024-09-27T06:10:06.909Z] [runtime-status] [9508] Resolved module firebase-admin {"declared":true,"installed":true,"version":"12.5.0","resolution":"C:\\Users\\Tesfahun Sahilu\\Desktop\\Evangadi\\Phase-4\\Amazon\\functions\\node_modules\\firebase-admin\\lib\\index.js"} {"metadata":{"emulator":{"name":"functions"},"function":{"name":"us-central1-api"},"extension":{},"message":"[runtime-status] [9508] Resolved module firebase-admin {\"declared\":true,\"installed\":true,\"version\":\"12.5.0\",\"resolution\":\"C:\\\\Users\\\\Tesfahun Sahilu\\\\Desktop\\\\Evangadi\\\\Phase-4\\\\Amazon\\\\functions\\\\node_modules\\\\firebase-admin\\\\lib\\\\index.js\"}"}}
[debug] [2024-09-27T06:10:07.154Z] [runtime-status] [9508] Resolved module firebase-functions {"declared":true,"installed":true,"version":"5.1.1","resolution":"C:\\Users\\Tesfahun Sahilu\\Desktop\\Evangadi\\Phase-4\\Amazon\\functions\\node_modules\\firebase-functions\\lib\\v1\\index.js"} {"metadata":{"emulator":{"name":"functions"},"function":{"name":"us-central1-api"},"extension":{},"message":"[runtime-status] [9508] Resolved module firebase-functions {\"declared\":true,\"installed\":true,\"version\":\"5.1.1\",\"resolution\":\"C:\\\\Users\\\\Tesfahun Sahilu\\\\Desktop\\\\Evangadi\\\\Phase-4\\\\Amazon\\\\functions\\\\node_modules\\\\firebase-functions\\\\lib\\\\v1\\\\index.js\"}"}}
[debug] [2024-09-27T06:10:07.156Z] [runtime-status] [9508] firebase-admin has been stubbed. {"adminResolution":{"declared":true,"installed":true,"version":"12.5.0","resolution":"C:\\Users\\Tesfahun Sahilu\\Desktop\\Evangadi\\Phase-4\\Amazon\\functions\\node_modules\\firebase-admin\\lib\\index.js"}} {"metadata":{"emulator":{"name":"functions"},"function":{"name":"us-central1-api"},"extension":{},"message":"[runtime-status] [9508] firebase-admin has been stubbed. {\"adminResolution\":{\"declared\":true,\"installed\":true,\"version\":\"12.5.0\",\"resolution\":\"C:\\\\Users\\\\Tesfahun Sahilu\\\\Desktop\\\\Evangadi\\\\Phase-4\\\\Amazon\\\\functions\\\\node_modules\\\\firebase-admin\\\\lib\\\\index.js\"}}"}}
[error] !!  functions: Failed to handle request for function us-central1-api {"metadata":{"emulator":{"name":"functions"},"message":"Failed to handle request for function us-central1-api"}}
[error] !!  functions: Failed to start functions in C:\Users\Tesfahun Sahilu\Desktop\Evangadi\Phase-4\Amazon\functions: FirebaseError: Failed to load function. {"metadata":{"emulator":{"name":"functions"},"message":"Failed to start functions in C:\\Users\\Tesfahun Sahilu\\Desktop\\Evangadi\\Phase-4\\Amazon\\functions: FirebaseError: Failed to load function."}}
[debug] [2024-09-27T06:10:08.522Z] [work-queue] {"queuedWork":[],"queueLength":0,"runningWork":[],"workRunningCount":0}
[debug] [2024-09-27T06:10:08.550Z] [runtime-status] [9508] Functions runtime initialized. {"cwd":"C:\\Users\\Tesfahun Sahilu\\Desktop\\Evangadi\\Phase-4\\Amazon\\functions","node_version":"22.9.0"} {"metadata":{"emulator":{"name":"functions"},"function":{"name":"us-central1-api"},"extension":{},"message":"[runtime-status] [9508] Functions runtime initialized. {\"cwd\":\"C:\\\\Users\\\\Tesfahun Sahilu\\\\Desktop\\\\Evangadi\\\\Phase-4\\\\Amazon\\\\functions\",\"node_version\":\"22.9.0\"}"}}
[debug] [2024-09-27T06:10:08.553Z] [runtime-status] [9508] Listening to port: \\?\pipe\fire_emu_0d2244fae81cd998 {"metadata":{"emulator":{"name":"functions"},"function":{"name":"us-central1-api"},"extension":{},"message":"[runtime-status] [9508] Listening to port: \\\\?\\pipe\\fire_emu_0d2244fae81cd998"}}
[debug] [2024-09-27T06:13:17.844Z] [work-queue] {"queuedWork":["/fir-85876/us-central1/api-2024-09-27T06:13:17.843Z"],"queueLength":1,"runningWork":[],"workRunningCount":0}
[debug] [2024-09-27T06:13:17.846Z] [work-queue] {"queuedWork":[],"queueLength":0,"runningWork":["/fir-85876/us-central1/api-2024-09-27T06:13:17.843Z"],"workRunningCount":1}
[debug] [2024-09-27T06:13:17.846Z] Accepted request GET /fir-85876/us-central1/api --> us-central1-api
[debug] [2024-09-27T06:13:17.862Z] [functions] Runtime ready! Sending request! {"metadata":{"emulator":{"name":"functions"},"message":"[functions] Runtime ready! Sending request!"}}
[debug] [2024-09-27T06:13:17.863Z] [functions] Got req.url=/fir-85876/us-central1/api, mapping to path=/ {"metadata":{"emulator":{"name":"functions"},"message":"[functions] Got req.url=/fir-85876/us-central1/api, mapping to path=/"}}
[info] i  functions: Loaded environment variables from .env. 
[debug] [2024-09-27T06:13:17.950Z] [worker-pool] addWorker(us-central1-api) {"metadata":{"emulator":{"name":"functions"},"message":"[worker-pool] addWorker(us-central1-api)"}}
[debug] [2024-09-27T06:13:17.952Z] [worker-pool] Adding worker with key us-central1-api, total=2 {"metadata":{"emulator":{"name":"functions"},"message":"[worker-pool] Adding worker with key us-central1-api, total=2"}}
[info] >  (node:17040) [DEP0040] DeprecationWarning: The `punycode` module is deprecated. Please use a userland alternative instead. {"user":"(node:17040) [DEP0040] DeprecationWarning: The `punycode` module is deprecated. Please use a userland alternative instead.","metadata":{"emulator":{"name":"functions"},"function":{"name":"us-central1-api"},"extension":{},"message":"\u001b[90m> \u001b[39m (node:17040) [DEP0040] DeprecationWarning: The `punycode` module is deprecated. Please use a userland alternative instead."}}
[info] >  (Use `node --trace-deprecation ...` to show where the warning was created) {"user":"(Use `node --trace-deprecation ...` to show where the warning was created)","metadata":{"emulator":{"name":"functions"},"function":{"name":"us-central1-api"},"extension":{},"message":"\u001b[90m> \u001b[39m (Use `node --trace-deprecation ...` to show where the warning was created)"}}
[debug] [2024-09-27T06:13:30.194Z] [runtime-status] [17040] Resolved module firebase-admin {"declared":true,"installed":true,"version":"12.5.0","resolution":"C:\\Users\\Tesfahun Sahilu\\Desktop\\Evangadi\\Phase-4\\Amazon\\functions\\node_modules\\firebase-admin\\lib\\index.js"} {"metadata":{"emulator":{"name":"functions"},"function":{"name":"us-central1-api"},"extension":{},"message":"[runtime-status] [17040] Resolved module firebase-admin {\"declared\":true,\"installed\":true,\"version\":\"12.5.0\",\"resolution\":\"C:\\\\Users\\\\Tesfahun Sahilu\\\\Desktop\\\\Evangadi\\\\Phase-4\\\\Amazon\\\\functions\\\\node_modules\\\\firebase-admin\\\\lib\\\\index.js\"}"}}
[debug] [2024-09-27T06:13:30.206Z] [runtime-status] [17040] Resolved module firebase-functions {"declared":true,"installed":true,"version":"5.1.1","resolution":"C:\\Users\\Tesfahun Sahilu\\Desktop\\Evangadi\\Phase-4\\Amazon\\functions\\node_modules\\firebase-functions\\lib\\v1\\index.js"} {"metadata":{"emulator":{"name":"functions"},"function":{"name":"us-central1-api"},"extension":{},"message":"[runtime-status] [17040] Resolved module firebase-functions {\"declared\":true,\"installed\":true,\"version\":\"5.1.1\",\"resolution\":\"C:\\\\Users\\\\Tesfahun Sahilu\\\\Desktop\\\\Evangadi\\\\Phase-4\\\\Amazon\\\\functions\\\\node_modules\\\\firebase-functions\\\\lib\\\\v1\\\\index.js\"}"}}
[debug] [2024-09-27T06:13:30.208Z] [runtime-status] [17040] Outgoing network have been stubbed. [{"name":"http","status":"mocked"},{"name":"http","status":"mocked"},{"name":"https","status":"mocked"},{"name":"https","status":"mocked"},{"name":"net","status":"mocked"}] {"metadata":{"emulator":{"name":"functions"},"function":{"name":"us-central1-api"},"extension":{},"message":"[runtime-status] [17040] Outgoing network have been stubbed. [{\"name\":\"http\",\"status\":\"mocked\"},{\"name\":\"http\",\"status\":\"mocked\"},{\"name\":\"https\",\"status\":\"mocked\"},{\"name\":\"https\",\"status\":\"mocked\"},{\"name\":\"net\",\"status\":\"mocked\"}]"}}
[debug] [2024-09-27T06:13:30.213Z] [runtime-status] [17040] Resolved module firebase-functions {"declared":true,"installed":true,"version":"5.1.1","resolution":"C:\\Users\\Tesfahun Sahilu\\Desktop\\Evangadi\\Phase-4\\Amazon\\functions\\node_modules\\firebase-functions\\lib\\v1\\index.js"} {"metadata":{"emulator":{"name":"functions"},"function":{"name":"us-central1-api"},"extension":{},"message":"[runtime-status] [17040] Resolved module firebase-functions {\"declared\":true,\"installed\":true,\"version\":\"5.1.1\",\"resolution\":\"C:\\\\Users\\\\Tesfahun Sahilu\\\\Desktop\\\\Evangadi\\\\Phase-4\\\\Amazon\\\\functions\\\\node_modules\\\\firebase-functions\\\\lib\\\\v1\\\\index.js\"}"}}
[debug] [2024-09-27T06:13:33.189Z] [runtime-status] [17040] Checked functions.config() {"config":{}} {"metadata":{"emulator":{"name":"functions"},"function":{"name":"us-central1-api"},"extension":{},"message":"[runtime-status] [17040] Checked functions.config() {\"config\":{}}"}}
[debug] [2024-09-27T06:13:33.190Z] [runtime-status] [17040] firebase-functions has been stubbed. {"functionsResolution":{"declared":true,"installed":true,"version":"5.1.1","resolution":"C:\\Users\\Tesfahun Sahilu\\Desktop\\Evangadi\\Phase-4\\Amazon\\functions\\node_modules\\firebase-functions\\lib\\v1\\index.js"}} {"metadata":{"emulator":{"name":"functions"},"function":{"name":"us-central1-api"},"extension":{},"message":"[runtime-status] [17040] firebase-functions has been stubbed. {\"functionsResolution\":{\"declared\":true,\"installed\":true,\"version\":\"5.1.1\",\"resolution\":\"C:\\\\Users\\\\Tesfahun Sahilu\\\\Desktop\\\\Evangadi\\\\Phase-4\\\\Amazon\\\\functions\\\\node_modules\\\\firebase-functions\\\\lib\\\\v1\\\\index.js\"}}"}}
[debug] [2024-09-27T06:13:33.194Z] [runtime-status] [17040] Resolved module firebase-functions {"declared":true,"installed":true,"version":"5.1.1","resolution":"C:\\Users\\Tesfahun Sahilu\\Desktop\\Evangadi\\Phase-4\\Amazon\\functions\\node_modules\\firebase-functions\\lib\\v1\\index.js"} {"metadata":{"emulator":{"name":"functions"},"function":{"name":"us-central1-api"},"extension":{},"message":"[runtime-status] [17040] Resolved module firebase-functions {\"declared\":true,\"installed\":true,\"version\":\"5.1.1\",\"resolution\":\"C:\\\\Users\\\\Tesfahun Sahilu\\\\Desktop\\\\Evangadi\\\\Phase-4\\\\Amazon\\\\functions\\\\node_modules\\\\firebase-functions\\\\lib\\\\v1\\\\index.js\"}"}}
[debug] [2024-09-27T06:13:33.202Z] [runtime-status] [17040] Resolved module firebase-admin {"declared":true,"installed":true,"version":"12.5.0","resolution":"C:\\Users\\Tesfahun Sahilu\\Desktop\\Evangadi\\Phase-4\\Amazon\\functions\\node_modules\\firebase-admin\\lib\\index.js"} {"metadata":{"emulator":{"name":"functions"},"function":{"name":"us-central1-api"},"extension":{},"message":"[runtime-status] [17040] Resolved module firebase-admin {\"declared\":true,\"installed\":true,\"version\":\"12.5.0\",\"resolution\":\"C:\\\\Users\\\\Tesfahun Sahilu\\\\Desktop\\\\Evangadi\\\\Phase-4\\\\Amazon\\\\functions\\\\node_modules\\\\firebase-admin\\\\lib\\\\index.js\"}"}}
[debug] [2024-09-27T06:13:33.218Z] [runtime-status] [17040] Resolved module firebase-functions {"declared":true,"installed":true,"version":"5.1.1","resolution":"C:\\Users\\Tesfahun Sahilu\\Desktop\\Evangadi\\Phase-4\\Amazon\\functions\\node_modules\\firebase-functions\\lib\\v1\\index.js"} {"metadata":{"emulator":{"name":"functions"},"function":{"name":"us-central1-api"},"extension":{},"message":"[runtime-status] [17040] Resolved module firebase-functions {\"declared\":true,\"installed\":true,\"version\":\"5.1.1\",\"resolution\":\"C:\\\\Users\\\\Tesfahun Sahilu\\\\Desktop\\\\Evangadi\\\\Phase-4\\\\Amazon\\\\functions\\\\node_modules\\\\firebase-functions\\\\lib\\\\v1\\\\index.js\"}"}}
[debug] [2024-09-27T06:13:33.220Z] [runtime-status] [17040] firebase-admin has been stubbed. {"adminResolution":{"declared":true,"installed":true,"version":"12.5.0","resolution":"C:\\Users\\Tesfahun Sahilu\\Desktop\\Evangadi\\Phase-4\\Amazon\\functions\\node_modules\\firebase-admin\\lib\\index.js"}} {"metadata":{"emulator":{"name":"functions"},"function":{"name":"us-central1-api"},"extension":{},"message":"[runtime-status] [17040] firebase-admin has been stubbed. {\"adminResolution\":{\"declared\":true,\"installed\":true,\"version\":\"12.5.0\",\"resolution\":\"C:\\\\Users\\\\Tesfahun Sahilu\\\\Desktop\\\\Evangadi\\\\Phase-4\\\\Amazon\\\\functions\\\\node_modules\\\\firebase-admin\\\\lib\\\\index.js\"}}"}}
[debug] [2024-09-27T06:13:34.800Z] [runtime-status] [17040] Functions runtime initialized. {"cwd":"C:\\Users\\Tesfahun Sahilu\\Desktop\\Evangadi\\Phase-4\\Amazon\\functions","node_version":"22.9.0"} {"metadata":{"emulator":{"name":"functions"},"function":{"name":"us-central1-api"},"extension":{},"message":"[runtime-status] [17040] Functions runtime initialized. {\"cwd\":\"C:\\\\Users\\\\Tesfahun Sahilu\\\\Desktop\\\\Evangadi\\\\Phase-4\\\\Amazon\\\\functions\",\"node_version\":\"22.9.0\"}"}}
[debug] [2024-09-27T06:13:34.804Z] [runtime-status] [17040] Listening to port: \\?\pipe\fire_emu_6537231a3b498f45 {"metadata":{"emulator":{"name":"functions"},"function":{"name":"us-central1-api"},"extension":{},"message":"[runtime-status] [17040] Listening to port: \\\\?\\pipe\\fire_emu_6537231a3b498f45"}}
[debug] [2024-09-27T06:13:34.852Z] [worker-us-central1-api-b3749537-1070-442d-b01c-f789ca011da5]: IDLE {"metadata":{"emulator":{"name":"functions"},"function":{"name":"us-central1-api"},"extension":{},"message":"[worker-us-central1-api-b3749537-1070-442d-b01c-f789ca011da5]: IDLE"}}
[debug] [2024-09-27T06:13:34.854Z] [worker-pool] submitRequest(triggerId=us-central1-api) {"metadata":{"emulator":{"name":"functions"},"message":"[worker-pool] submitRequest(triggerId=us-central1-api)"}}
[info] i  functions: Beginning execution of "us-central1-api" {"metadata":{"emulator":{"name":"functions"},"function":{"name":"us-central1-api"},"extension":{},"message":"Beginning execution of \"us-central1-api\""}}
[debug] [2024-09-27T06:13:34.857Z] [worker-us-central1-api-b3749537-1070-442d-b01c-f789ca011da5]: BUSY {"metadata":{"emulator":{"name":"functions"},"function":{"name":"us-central1-api"},"extension":{},"message":"[worker-us-central1-api-b3749537-1070-442d-b01c-f789ca011da5]: BUSY"}}
[debug] [2024-09-27T06:13:34.889Z] Finishing up request with event=pause {"metadata":{"emulator":{"name":"functions"},"function":{"name":"us-central1-api"},"extension":{},"message":"Finishing up request with event=pause"}}
[info] i  functions: Finished "us-central1-api" in 33.6836ms {"metadata":{"emulator":{"name":"functions"},"function":{"name":"us-central1-api"},"extension":{},"message":"Finished \"us-central1-api\" in 33.6836ms"}}
[debug] [2024-09-27T06:13:34.892Z] [worker-us-central1-api-b3749537-1070-442d-b01c-f789ca011da5]: IDLE {"metadata":{"emulator":{"name":"functions"},"function":{"name":"us-central1-api"},"extension":{},"message":"[worker-us-central1-api-b3749537-1070-442d-b01c-f789ca011da5]: IDLE"}}
[debug] [2024-09-27T06:13:34.892Z] Finishing up request with event=finish {"metadata":{"emulator":{"name":"functions"},"function":{"name":"us-central1-api"},"extension":{},"message":"Finishing up request with event=finish"}}
[debug] [2024-09-27T06:13:34.893Z] Finishing up request with event=close {"metadata":{"emulator":{"name":"functions"},"function":{"name":"us-central1-api"},"extension":{},"message":"Finishing up request with event=close"}}
[debug] [2024-09-27T06:13:34.894Z] [work-queue] {"queuedWork":[],"queueLength":0,"runningWork":[],"workRunningCount":0}
[debug] [2024-09-27T06:13:35.314Z] Functions emulator received unknown request at path /favicon.ico
[debug] [2024-09-27T09:28:13.930Z] [worker-us-central1-api-b3749537-1070-442d-b01c-f789ca011da5]: exited {"metadata":{"emulator":{"name":"functions"},"function":{"name":"us-central1-api"},"extension":{},"message":"[worker-us-central1-api-b3749537-1070-442d-b01c-f789ca011da5]: exited"}}
[debug] [2024-09-27T09:28:13.952Z] [worker-us-central1-api-b3749537-1070-442d-b01c-f789ca011da5]: FINISHED {"metadata":{"emulator":{"name":"functions"},"function":{"name":"us-central1-api"},"extension":{},"message":"[worker-us-central1-api-b3749537-1070-442d-b01c-f789ca011da5]: FINISHED"}}
[debug] [2024-09-27T09:28:13.965Z] [worker-us-central1-api-c001b7da-104f-4b18-9059-4d5c7f7f9ad3]: exited {"metadata":{"emulator":{"name":"functions"},"function":{"name":"us-central1-api"},"extension":{},"message":"[worker-us-central1-api-c001b7da-104f-4b18-9059-4d5c7f7f9ad3]: exited"}}
[debug] [2024-09-27T09:28:13.966Z] [worker-us-central1-api-c001b7da-104f-4b18-9059-4d5c7f7f9ad3]: FINISHED {"metadata":{"emulator":{"name":"functions"},"function":{"name":"us-central1-api"},"extension":{},"message":"[worker-us-central1-api-c001b7da-104f-4b18-9059-4d5c7f7f9ad3]: FINISHED"}}
